[*] Load /home/manish/BrainTumorHFF/HFF/data/brats20/final/0-train.txt, which contains 295 paired volume
modilities: ['flair_L', 't1_L', 't1ce_L', 't2_L', 'flair_H1', 'flair_H2', 'flair_H3', 'flair_H4', 't1_H1', 't1_H2', 't1_H3', 't1_H4', 't1ce_H1', 't1ce_H2', 't1ce_H3', 't1ce_H4', 't2_H1', 't2_H2', 't2_H3', 't2_H4']
[*] Load /home/manish/BrainTumorHFF/HFF/data/brats20/final/0-train.txt, which contains 295 paired volume
modilities: ['flair_L', 't1_L', 't1ce_L', 't2_L', 'flair_H1', 'flair_H2', 'flair_H3', 'flair_H4', 't1_H1', 't1_H2', 't1_H3', 't1_H4', 't1ce_H1', 't1ce_H2', 't1ce_H3', 't1ce_H4', 't2_H1', 't2_H2', 't2_H3', 't2_H4'][*] Load /home/manish/BrainTumorHFF/HFF/data/brats20/final/0-train.txt, which contains 295 paired volume
modilities: ['flair_L', 't1_L', 't1ce_L', 't2_L', 'flair_H1', 'flair_H2', 'flair_H3', 'flair_H4', 't1_H1', 't1_H2', 't1_H3', 't1_H4', 't1ce_H1', 't1ce_H2', 't1ce_H3', 't1ce_H4', 't2_H1', 't2_H2', 't2_H3', 't2_H4']

[*] Load /home/manish/BrainTumorHFF/HFF/data/brats20/final/0-val.txt, which contains 36 paired volume
modilities: ['flair_L', 't1_L', 't1ce_L', 't2_L', 'flair_H1', 'flair_H2', 'flair_H3', 'flair_H4', 't1_H1', 't1_H2', 't1_H3', 't1_H4', 't1ce_H1', 't1ce_H2', 't1ce_H3', 't1ce_H4', 't2_H1', 't2_H2', 't2_H3', 't2_H4']
[*] Load /home/manish/BrainTumorHFF/HFF/data/brats20/final/0-val.txt, which contains 36 paired volume
modilities: ['flair_L', 't1_L', 't1ce_L', 't2_L', 'flair_H1', 'flair_H2', 'flair_H3', 'flair_H4', 't1_H1', 't1_H2', 't1_H3', 't1_H4', 't1ce_H1', 't1ce_H2', 't1ce_H3', 't1ce_H4', 't2_H1', 't2_H2', 't2_H3', 't2_H4']
[*] Load /home/manish/BrainTumorHFF/HFF/data/brats20/final/0-val.txt, which contains 36 paired volume
modilities: ['flair_L', 't1_L', 't1ce_L', 't2_L', 'flair_H1', 'flair_H2', 'flair_H3', 'flair_H4', 't1_H1', 't1_H2', 't1_H3', 't1_H4', 't1ce_H1', 't1ce_H2', 't1ce_H3', 't1ce_H4', 't2_H1', 't2_H2', 't2_H3', 't2_H4']
[34m[1mwandb[0m: Currently logged in as: [33mk7aditya[0m ([33mk7aditya-iiita-alumni-affairs[0m) to [32mhttps://api.wandb.ai[0m. Use [1m`wandb login --relogin`[0m to force relogin
[34m[1mwandb[0m: setting up run j5xf518v (0.0s)
[Am[2K[34m[1mwandb[0m: setting up run j5xf518v (0.0s)
[Am[2K[34m[1mwandb[0m: setting up run j5xf518v (0.0s)
[Am[2K[34m[1mwandb[0m: setting up run j5xf518v (0.0s)
[Am[2K[34m[1mwandb[0m: setting up run j5xf518v (0.0s)
[Am[2K[34m[1mwandb[0m: Tracking run with wandb version 0.22.3
[34m[1mwandb[0m: Run data is saved locally in [35m[1m/home/manish/BrainTumorHFF/HFF/wandb/run-20251114_120627-j5xf518v[0m
[34m[1mwandb[0m: Run [1m`wandb offline`[0m to turn off syncing.
[34m[1mwandb[0m: Syncing run [33mspring-paper-38[0m
[34m[1mwandb[0m:  View project at [34m[4mhttps://wandb.ai/k7aditya-iiita-alumni-affairs/learning%20rate%3D0.3epochs%3D200-step_size%3D50-gamma%3D0.55weight%20between%20braches%3D15warmup%20epochs%3D3brats20_all[0m
[34m[1mwandb[0m:  View run at [34m[4mhttps://wandb.ai/k7aditya-iiita-alumni-affairs/learning%20rate%3D0.3epochs%3D200-step_size%3D50-gamma%3D0.55weight%20between%20braches%3D15warmup%20epochs%3D3brats20_all/runs/j5xf518v[0m
[LOAD] Loading from: /home/manish/BrainTumorHFF/HFF/result/checkpoints/hff/brats20/all/hff-l=0.3-e=200-s=50-g=0.55-b=1-cw=15-w=3-100L-H-2025-11-14_11-06-41/best_Result1_et_0.7482_tc_0.7259_wt_0.7908.pth
[LOAD] âœ“ Checkpoint loaded successfully
[*] Load /home/manish/BrainTumorHFF/HFF/data/brats20/final/0-train.txt, which contains 295 paired volume
modilities: ['flair_L', 't1_L', 't1ce_L', 't2_L', 'flair_H1', 'flair_H2', 'flair_H3', 'flair_H4', 't1_H1', 't1_H2', 't1_H3', 't1_H4', 't1ce_H1', 't1ce_H2', 't1ce_H3', 't1ce_H4', 't2_H1', 't2_H2', 't2_H3', 't2_H4']
[*] Load /home/manish/BrainTumorHFF/HFF/data/brats20/final/0-val.txt, which contains 36 paired volume
modilities: ['flair_L', 't1_L', 't1ce_L', 't2_L', 'flair_H1', 'flair_H2', 'flair_H3', 'flair_H4', 't1_H1', 't1_H2', 't1_H3', 't1_H4', 't1ce_H1', 't1ce_H2', 't1ce_H3', 't1ce_H4', 't2_H1', 't2_H2', 't2_H3', 't2_H4']
[LOAD] Loading from: /home/manish/BrainTumorHFF/HFF/result/checkpoints/hff/brats20/all/hff-l=0.3-e=200-s=50-g=0.55-b=1-cw=15-w=3-100L-H-2025-11-14_11-06-41/best_Result1_et_0.7482_tc_0.7259_wt_0.7908.pth
[LOAD] Loading from: /home/manish/BrainTumorHFF/HFF/result/checkpoints/hff/brats20/all/hff-l=0.3-e=200-s=50-g=0.55-b=1-cw=15-w=3-100L-H-2025-11-14_11-06-41/best_Result1_et_0.7482_tc_0.7259_wt_0.7908.pth
[LOAD] âœ“ Checkpoint loaded successfully
[LOAD] âœ“ Checkpoint loaded successfully
[LOAD] Loading from: /home/manish/BrainTumorHFF/HFF/result/checkpoints/hff/brats20/all/hff-l=0.3-e=200-s=50-g=0.55-b=1-cw=15-w=3-100L-H-2025-11-14_11-06-41/best_Result1_et_0.7482_tc_0.7259_wt_0.7908.pth
[LOAD] âœ“ Checkpoint loaded successfully
Set dropout rate to 0.5000 (18 layers)
Set dropout rate to 0.4740 (18 layers)
Epoch 14 - Dropout rate set to 0.4740
  0%|                                                                            | 0/74 [00:00<?, ?it/s]Set dropout rate to 0.5000 (18 layers)
Set dropout rate to 0.5000 (18 layers)
Set dropout rate to 0.5000 (18 layers)
Set dropout rate to 0.4740 (18 layers)
Set dropout rate to 0.4740 (18 layers)
Set dropout rate to 0.4740 (18 layers)
  1%|9                                                                   | 1/74 [00:10<12:57, 10.66s/it]  3%|#8                                                                  | 2/74 [00:11<05:48,  4.84s/it]  4%|##7                                                                 | 3/74 [00:12<03:52,  3.27s/it]  5%|###6                                                                | 4/74 [00:13<02:41,  2.31s/it]Traceback (most recent call last):
  File "/home/manish/BrainTumorHFF/HFF/train_multiGPU_fix.py", line 454, in <module>
Traceback (most recent call last):
  File "/home/manish/BrainTumorHFF/HFF/train_multiGPU_fix.py", line 454, in <module>
Traceback (most recent call last):
  File "/home/manish/BrainTumorHFF/HFF/train_multiGPU_fix.py", line 454, in <module>
    for i, data in enumerate(tqdm(loaders['train'], disable=not is_main_process)):
  File "/home/manish/.conda/envs/hff-xai/lib/python3.10/site-packages/tqdm/std.py", line 1169, in __iter__
    for obj in iterable:
    for i, data in enumerate(tqdm(loaders['train'], disable=not is_main_process)):
  File "/home/manish/.conda/envs/hff-xai/lib/python3.10/site-packages/torch/utils/data/dataloader.py", line 633, in __next__
  File "/home/manish/.conda/envs/hff-xai/lib/python3.10/site-packages/tqdm/std.py", line 1169, in __iter__
    for i, data in enumerate(tqdm(loaders['train'], disable=not is_main_process)):
  File "/home/manish/.conda/envs/hff-xai/lib/python3.10/site-packages/tqdm/std.py", line 1169, in __iter__
    data = self._next_data()
  File "/home/manish/.conda/envs/hff-xai/lib/python3.10/site-packages/torch/utils/data/dataloader.py", line 1328, in _next_data
    for obj in iterable:
    for obj in iterable:
  File "/home/manish/.conda/envs/hff-xai/lib/python3.10/site-packages/torch/utils/data/dataloader.py", line 633, in __next__
  File "/home/manish/.conda/envs/hff-xai/lib/python3.10/site-packages/torch/utils/data/dataloader.py", line 633, in __next__
    data = self._next_data()
  File "/home/manish/.conda/envs/hff-xai/lib/python3.10/site-packages/torch/utils/data/dataloader.py", line 1328, in _next_data
    idx, data = self._get_data()
  File "/home/manish/.conda/envs/hff-xai/lib/python3.10/site-packages/torch/utils/data/dataloader.py", line 1284, in _get_data
    data = self._next_data()
  File "/home/manish/.conda/envs/hff-xai/lib/python3.10/site-packages/torch/utils/data/dataloader.py", line 1328, in _next_data
    idx, data = self._get_data()
  File "/home/manish/.conda/envs/hff-xai/lib/python3.10/site-packages/torch/utils/data/dataloader.py", line 1284, in _get_data
    success, data = self._try_get_data()
  File "/home/manish/.conda/envs/hff-xai/lib/python3.10/site-packages/torch/utils/data/dataloader.py", line 1132, in _try_get_data
    success, data = self._try_get_data()
  File "/home/manish/.conda/envs/hff-xai/lib/python3.10/site-packages/torch/utils/data/dataloader.py", line 1132, in _try_get_data
    data = self._data_queue.get(timeout=timeout)
  File "/home/manish/.conda/envs/hff-xai/lib/python3.10/queue.py", line 180, in get
    idx, data = self._get_data()
  File "/home/manish/.conda/envs/hff-xai/lib/python3.10/site-packages/torch/utils/data/dataloader.py", line 1284, in _get_data
    self.not_empty.wait(remaining)
  File "/home/manish/.conda/envs/hff-xai/lib/python3.10/threading.py", line 324, in wait
    gotit = waiter.acquire(True, timeout)
KeyboardInterrupt
    data = self._data_queue.get(timeout=timeout)
  File "/home/manish/.conda/envs/hff-xai/lib/python3.10/queue.py", line 180, in get
    success, data = self._try_get_data()
    self.not_empty.wait(remaining)
  File "/home/manish/.conda/envs/hff-xai/lib/python3.10/site-packages/torch/utils/data/dataloader.py", line 1132, in _try_get_data
  File "/home/manish/.conda/envs/hff-xai/lib/python3.10/threading.py", line 324, in wait
    gotit = waiter.acquire(True, timeout)
KeyboardInterrupt
    data = self._data_queue.get(timeout=timeout)
  File "/home/manish/.conda/envs/hff-xai/lib/python3.10/queue.py", line 180, in get
    self.not_empty.wait(remaining)
  File "/home/manish/.conda/envs/hff-xai/lib/python3.10/threading.py", line 324, in wait
    gotit = waiter.acquire(True, timeout)
KeyboardInterrupt
Traceback (most recent call last):
  File "/home/manish/.conda/envs/hff-xai/lib/python3.10/site-packages/tqdm/std.py", line 1181, in __iter__
    for obj in iterable:
  File "/home/manish/.conda/envs/hff-xai/lib/python3.10/site-packages/torch/utils/data/dataloader.py", line 633, in __next__
    data = self._next_data()
  File "/home/manish/.conda/envs/hff-xai/lib/python3.10/site-packages/torch/utils/data/dataloader.py", line 1328, in _next_data
    idx, data = self._get_data()
  File "/home/manish/.conda/envs/hff-xai/lib/python3.10/site-packages/torch/utils/data/dataloader.py", line 1284, in _get_data
    success, data = self._try_get_data()
  File "/home/manish/.conda/envs/hff-xai/lib/python3.10/site-packages/torch/utils/data/dataloader.py", line 1132, in _try_get_data
    data = self._data_queue.get(timeout=timeout)
  File "/home/manish/.conda/envs/hff-xai/lib/python3.10/queue.py", line 180, in get
    self.not_empty.wait(remaining)
  File "/home/manish/.conda/envs/hff-xai/lib/python3.10/threading.py", line 324, in wait
    gotit = waiter.acquire(True, timeout)
KeyboardInterrupt

During handling of the above exception, another exception occurred:

Traceback (most recent call last):
  File "/home/manish/BrainTumorHFF/HFF/train_multiGPU_fix.py", line 454, in <module>
    for i, data in enumerate(tqdm(loaders['train'], disable=not is_main_process)):
  File "/home/manish/.conda/envs/hff-xai/lib/python3.10/site-packages/tqdm/std.py", line 1196, in __iter__
    self.close()
  File "/home/manish/.conda/envs/hff-xai/lib/python3.10/site-packages/tqdm/std.py", line 1290, in close
    fp_write('')
  File "/home/manish/.conda/envs/hff-xai/lib/python3.10/site-packages/tqdm/std.py", line 1287, in fp_write
    self.fp.write(str(s))
  File "/home/manish/.conda/envs/hff-xai/lib/python3.10/site-packages/tqdm/utils.py", line 196, in inner
    return func(*args, **kwargs)
  File "/home/manish/BrainTumorHFF/HFF/train_multiGPU_fix.py", line 50, in write
    self.terminal.write(message)
  File "/home/manish/.conda/envs/hff-xai/lib/python3.10/contextlib.py", line 79, in inner
    return func(*args, **kwds)
  File "/home/manish/.conda/envs/hff-xai/lib/python3.10/site-packages/wandb/sdk/lib/console_capture.py", line 185, in write_with_callbacks
    cb(s, n)
  File "/home/manish/.conda/envs/hff-xai/lib/python3.10/site-packages/wandb/sdk/lib/redirect.py", line 662, in _on_write
    cb(written_data)
  File "/home/manish/.conda/envs/hff-xai/lib/python3.10/site-packages/wandb/sdk/wandb_run.py", line 2427, in <lambda>
    lambda data: self._console_raw_callback("stdout", data),
  File "/home/manish/.conda/envs/hff-xai/lib/python3.10/site-packages/wandb/sdk/wandb_run.py", line 397, in wrapper
    return func(self, *args, **kwargs)
  File "/home/manish/.conda/envs/hff-xai/lib/python3.10/site-packages/wandb/sdk/wandb_run.py", line 455, in wrapper_fn
    return func(self, *args, **kwargs)
  File "/home/manish/.conda/envs/hff-xai/lib/python3.10/site-packages/wandb/sdk/wandb_run.py", line 1592, in _console_raw_callback
    self._backend.interface.publish_output_raw(name, data, nowait=True)
  File "/home/manish/.conda/envs/hff-xai/lib/python3.10/site-packages/wandb/sdk/interface/interface.py", line 805, in publish_output_raw
    self._publish_output_raw(o, nowait=nowait)
  File "/home/manish/.conda/envs/hff-xai/lib/python3.10/site-packages/wandb/sdk/interface/interface_shared.py", line 77, in _publish_output_raw
    self._publish(rec, nowait=nowait)
  File "/home/manish/.conda/envs/hff-xai/lib/python3.10/site-packages/wandb/sdk/interface/interface_sock.py", line 44, in _publish
    self._asyncer.run_soon(lambda: self._client.publish(request))
  File "/home/manish/.conda/envs/hff-xai/lib/python3.10/site-packages/wandb/sdk/lib/asyncio_manager.py", line 185, in run_soon
    _ = self._schedule(fn_wrap_exceptions, daemon=daemon, name=name)
  File "/home/manish/.conda/envs/hff-xai/lib/python3.10/site-packages/wandb/sdk/lib/asyncio_manager.py", line 194, in _schedule
    self._ready_event.wait()
  File "/home/manish/.conda/envs/hff-xai/lib/python3.10/threading.py", line 597, in wait
    with self._cond:
  File "/home/manish/.conda/envs/hff-xai/lib/python3.10/threading.py", line 265, in __enter__
    return self._lock.__enter__()
KeyboardInterrupt
